<?xml version="1.0" encoding="UTF-8"?>
<testsuite name="MessageTest" tests="1" skipped="0" failures="0" errors="0" timestamp="2021-06-29T09:12:46" hostname="LAPTOP-996T2OKC" time="0.035">
  <properties/>
  <testcase name="testSaleTicketRead()" classname="MessageTest" time="0.035"/>
  <system-out><![CDATA[]]></system-out>
  <system-err><![CDATA[]]></system-err>
</testsuite>
